<?xml version="1.0" encoding="UTF-8"?>
<!-- Generated by org.testng.reporters.JUnitReportReporter -->
<testsuite hostname="DESKTOP-HKVPV4A" failures="0" tests="1" name="testNG.First_Program_TestNgTest" time="0.011" errors="0" timestamp="2021-11-27T22:12:46 EST" skipped="0">
  <testcase classname="testNG.First_Program_TestNgTest" name="f" time="0.011"/>
  <system-out/>
</testsuite> <!-- testNG.First_Program_TestNgTest -->
