<?xml version="1.0" encoding="UTF-8"?>
<!-- Generated by org.testng.reporters.JUnitReportReporter -->
<testsuite hostname="DESKTOP-HKVPV4A" failures="0" tests="2" name="testNG.Program1Test" time="2.129" errors="0" timestamp="2021-11-29T16:21:08 EST" skipped="0">
  <testcase classname="testNG.Program1Test" name="username" time="0.118"/>
  <system-out/>
  <testcase classname="testNG.Program1Test" name="signinLinkClick" time="2.011"/>
  <system-out/>
</testsuite> <!-- testNG.Program1Test -->
